<?xml version="1.0" encoding="UTF-8"?>
<!-- Generated by org.testng.reporters.JUnitXMLReporter -->
<testsuite hostname="MSI" ignored="0" name="Test" tests="4" failures="0" timestamp="12 Jun 2022 01:37:21 GMT" time="18.841" errors="0">
  <testcase name="configAPI" time="2.112" classname="Tugas3.swaglabs.APITestPOM"/>
  <testcase name="dashboardAPI" time="1.916" classname="Tugas3.swaglabs.APITestPOM"/>
  <testcase name="fakerTest" time="0.158" classname="Tugas3.swaglabs.APITestPOM"/>
  <testcase name="userAPI" time="1.979" classname="Tugas3.swaglabs.APITestPOM"/>
</testsuite> <!-- Test -->
