<?xml version="1.0" encoding="UTF-8"?>
<testng-results skipped="0" failed="0" ignored="0" total="2" passed="2">
  <reporter-output>
  </reporter-output>
  <suite name="Default suite" duration-ms="3911" started-at="2022-06-26T02:59:29 ICT" finished-at="2022-06-26T02:59:33 ICT">
    <groups>
    </groups>
    <test name="Default test" duration-ms="3911" started-at="2022-06-26T02:59:29 ICT" finished-at="2022-06-26T02:59:33 ICT">
      <class name="Tugas3.swaglabs.APITest">
        <test-method status="PASS" signature="ApiRegres()[pri:0, instance:Tugas3.swaglabs.APITest@7334aada]" name="ApiRegres" duration-ms="2419" started-at="2022-06-26T02:59:29 ICT" finished-at="2022-06-26T02:59:31 ICT">
          <reporter-output>
          </reporter-output>
        </test-method> <!-- ApiRegres -->
        <test-method status="PASS" signature="configAPI()[pri:0, instance:Tugas3.swaglabs.APITest@7334aada]" name="configAPI" duration-ms="1395" started-at="2022-06-26T02:59:31 ICT" finished-at="2022-06-26T02:59:33 ICT">
          <reporter-output>
          </reporter-output>
        </test-method> <!-- configAPI -->
      </class> <!-- Tugas3.swaglabs.APITest -->
    </test> <!-- Default test -->
  </suite> <!-- Default suite -->
</testng-results>
