<?xml version="1.0" encoding="UTF-8"?>
<testng-results skipped="0" failed="0" ignored="0" total="1" passed="1">
  <reporter-output>
  </reporter-output>
  <suite name="Default suite" duration-ms="9469" started-at="2022-06-03T07:32:33Z" finished-at="2022-06-03T07:32:42Z">
    <groups>
    </groups>
    <test name="Default test" duration-ms="9469" started-at="2022-06-03T07:32:33Z" finished-at="2022-06-03T07:32:42Z">
      <class name="Tugas4.yopmail2022.WebTestYopmail">
        <test-method status="PASS" signature="login()[pri:0, instance:Tugas4.yopmail2022.WebTestYopmail@355ce81c]" name="login" duration-ms="9386" started-at="2022-06-03T07:32:33Z" finished-at="2022-06-03T07:32:42Z">
          <reporter-output>
          </reporter-output>
        </test-method> <!-- login -->
      </class> <!-- Tugas4.yopmail2022.WebTestYopmail -->
    </test> <!-- Default test -->
  </suite> <!-- Default suite -->
</testng-results>
